

*******************************************************************************
Fri Jan 30 19:38:18 2015


FIT:    data read from file using ($1+1):2
        format = x:z
        x range restricted to [1.00000 : 1000.00]
        #datapoints = 100
        residuals are weighted equally (unit weight)

function used for fitting: linearfit(x)
fitted parameters initialized with current variable values



 Iteration 0
 WSSR        : 0.0149474         delta(WSSR)/WSSR   : 0
 delta(WSSR) : 0                 limit for stopping : 1e-005
 lambda	  : 58.1679

initial set of free parameter values

k               = 0.00976486

The maximum lambda = 1.000000e+020 was exceeded. Fit stopped.
final sum of squares of residuals : 0.0149474
rel. change during last iteration : 0

degrees of freedom    (FIT_NDF)                        : 99
rms of residuals      (FIT_STDFIT) = sqrt(WSSR/ndf)    : 0.0122876
variance of residuals (reduced chisquare) = WSSR/ndf   : 0.000150984

Final set of parameters            Asymptotic Standard Error
=======================            ==========================

k               = 0.00976486       +/- 2.112e-005   (0.2163%)


correlation matrix of the fit parameters:

               k      
k               1.000 


*******************************************************************************
Fri Jan 30 19:38:19 2015


FIT:    data read from file using ($1+1):2
        format = x:z
        x range restricted to [1.00000 : 1000.00]
        #datapoints = 100
        residuals are weighted equally (unit weight)

function used for fitting: polyfit(x)
fitted parameters initialized with current variable values



 Iteration 0
 WSSR        : 0.00288895        delta(WSSR)/WSSR   : 0
 delta(WSSR) : 0                 limit for stopping : 1e-005
 lambda	  : 2614.49

initial set of free parameter values

a               = 0.00582412
b               = 0.00881293
c               = 1.14764e-005

The maximum lambda = 1.000000e+020 was exceeded. Fit stopped.
final sum of squares of residuals : 0.00288895
rel. change during last iteration : 0

degrees of freedom    (FIT_NDF)                        : 97
rms of residuals      (FIT_STDFIT) = sqrt(WSSR/ndf)    : 0.00545738
variance of residuals (reduced chisquare) = WSSR/ndf   : 2.9783e-005

Final set of parameters            Asymptotic Standard Error
=======================            ==========================

a               = 0.00582412       +/- 0.001671     (28.68%)
b               = 0.00881293       +/- 7.635e-005   (0.8663%)
c               = 1.14764e-005     +/- 7.324e-007   (6.382%)


correlation matrix of the fit parameters:

               a      b      c      
a               1.000 
b              -0.871  1.000 
c               0.753 -0.969  1.000 


*******************************************************************************
Fri Jan 30 19:46:05 2015


FIT:    data read from file using ($1+1):2
        format = x:z
        x range restricted to [1.00000 : 1000.00]
        #datapoints = 100
        residuals are weighted equally (unit weight)

function used for fitting: linearfit(x)
fitted parameters initialized with current variable values



 Iteration 0
 WSSR        : 0.0149474         delta(WSSR)/WSSR   : 0
 delta(WSSR) : 0                 limit for stopping : 1e-005
 lambda	  : 58.1679

initial set of free parameter values

k               = 0.00976486

The maximum lambda = 1.000000e+020 was exceeded. Fit stopped.
final sum of squares of residuals : 0.0149474
rel. change during last iteration : 0

degrees of freedom    (FIT_NDF)                        : 99
rms of residuals      (FIT_STDFIT) = sqrt(WSSR/ndf)    : 0.0122876
variance of residuals (reduced chisquare) = WSSR/ndf   : 0.000150984

Final set of parameters            Asymptotic Standard Error
=======================            ==========================

k               = 0.00976486       +/- 2.112e-005   (0.2163%)


correlation matrix of the fit parameters:

               k      
k               1.000 


*******************************************************************************
Fri Jan 30 19:46:06 2015


FIT:    data read from file using ($1+1):2
        format = x:z
        x range restricted to [1.00000 : 1000.00]
        #datapoints = 100
        residuals are weighted equally (unit weight)

function used for fitting: polyfit(x)
fitted parameters initialized with current variable values



 Iteration 0
 WSSR        : 0.00288895        delta(WSSR)/WSSR   : 0
 delta(WSSR) : 0                 limit for stopping : 1e-005
 lambda	  : 2614.49

initial set of free parameter values

a               = 0.00582412
b               = 0.00881293
c               = 1.14764e-005

The maximum lambda = 1.000000e+020 was exceeded. Fit stopped.
final sum of squares of residuals : 0.00288895
rel. change during last iteration : 0

degrees of freedom    (FIT_NDF)                        : 97
rms of residuals      (FIT_STDFIT) = sqrt(WSSR/ndf)    : 0.00545738
variance of residuals (reduced chisquare) = WSSR/ndf   : 2.9783e-005

Final set of parameters            Asymptotic Standard Error
=======================            ==========================

a               = 0.00582412       +/- 0.001671     (28.68%)
b               = 0.00881293       +/- 7.635e-005   (0.8663%)
c               = 1.14764e-005     +/- 7.324e-007   (6.382%)


correlation matrix of the fit parameters:

               a      b      c      
a               1.000 
b              -0.871  1.000 
c               0.753 -0.969  1.000 


*******************************************************************************
Fri Jan 30 19:47:06 2015


FIT:    data read from file using ($1+1):2
        format = x:z
        x range restricted to [1.00000 : 1000.00]
        #datapoints = 100
        residuals are weighted equally (unit weight)

function used for fitting: linearfit(x)
fitted parameters initialized with current variable values



 Iteration 0
 WSSR        : 0.0149474         delta(WSSR)/WSSR   : 0
 delta(WSSR) : 0                 limit for stopping : 1e-005
 lambda	  : 58.1679

initial set of free parameter values

k               = 0.00976486

The maximum lambda = 1.000000e+020 was exceeded. Fit stopped.
final sum of squares of residuals : 0.0149474
rel. change during last iteration : 0

degrees of freedom    (FIT_NDF)                        : 99
rms of residuals      (FIT_STDFIT) = sqrt(WSSR/ndf)    : 0.0122876
variance of residuals (reduced chisquare) = WSSR/ndf   : 0.000150984

Final set of parameters            Asymptotic Standard Error
=======================            ==========================

k               = 0.00976486       +/- 2.112e-005   (0.2163%)


correlation matrix of the fit parameters:

               k      
k               1.000 


*******************************************************************************
Fri Jan 30 19:47:06 2015


FIT:    data read from file using ($1+1):2
        format = x:z
        x range restricted to [1.00000 : 1000.00]
        #datapoints = 100
        residuals are weighted equally (unit weight)

function used for fitting: polyfit(x)
fitted parameters initialized with current variable values



 Iteration 0
 WSSR        : 0.00288895        delta(WSSR)/WSSR   : 0
 delta(WSSR) : 0                 limit for stopping : 1e-005
 lambda	  : 2614.49

initial set of free parameter values

a               = 0.00582412
b               = 0.00881293
c               = 1.14764e-005

The maximum lambda = 1.000000e+020 was exceeded. Fit stopped.
final sum of squares of residuals : 0.00288895
rel. change during last iteration : 0

degrees of freedom    (FIT_NDF)                        : 97
rms of residuals      (FIT_STDFIT) = sqrt(WSSR/ndf)    : 0.00545738
variance of residuals (reduced chisquare) = WSSR/ndf   : 2.9783e-005

Final set of parameters            Asymptotic Standard Error
=======================            ==========================

a               = 0.00582412       +/- 0.001671     (28.68%)
b               = 0.00881293       +/- 7.635e-005   (0.8663%)
c               = 1.14764e-005     +/- 7.324e-007   (6.382%)


correlation matrix of the fit parameters:

               a      b      c      
a               1.000 
b              -0.871  1.000 
c               0.753 -0.969  1.000 


*******************************************************************************
Fri Jan 30 19:48:54 2015


FIT:    data read from file using ($1+1):2
        format = x:z
        x range restricted to [1.00000 : 1000.00]
        #datapoints = 100
        residuals are weighted equally (unit weight)

function used for fitting: linearfit(x)
fitted parameters initialized with current variable values



 Iteration 0
 WSSR        : 0.0149474         delta(WSSR)/WSSR   : 0
 delta(WSSR) : 0                 limit for stopping : 1e-005
 lambda	  : 41.1309

initial set of free parameter values

m               = 1e-030
k               = 0.00976486

The maximum lambda = 1.000000e+020 was exceeded. Fit stopped.
final sum of squares of residuals : 0.0149474
rel. change during last iteration : 0

degrees of freedom    (FIT_NDF)                        : 98
rms of residuals      (FIT_STDFIT) = sqrt(WSSR/ndf)    : 0.0123501
variance of residuals (reduced chisquare) = WSSR/ndf   : 0.000152525

BREAK:          Singular matrix in Invert_RtR



*******************************************************************************
Fri Jan 30 19:49:16 2015


FIT:    data read from file using ($1+1):2
        format = x:z
        x range restricted to [1.00000 : 1000.00]
        #datapoints = 100
        residuals are weighted equally (unit weight)

function used for fitting: linearfit(x)
fitted parameters initialized with current variable values



 Iteration 0
 WSSR        : 0.0149797         delta(WSSR)/WSSR   : 0
 delta(WSSR) : 0                 limit for stopping : 1e-005
 lambda	  : 41.1309

initial set of free parameter values

m               = 1e-030
k               = 0.00977463

After 2 iterations the fit converged.
final sum of squares of residuals : 0.0149474
rel. change during last iteration : -5.34245e-008

degrees of freedom    (FIT_NDF)                        : 98
rms of residuals      (FIT_STDFIT) = sqrt(WSSR/ndf)    : 0.0123501
variance of residuals (reduced chisquare) = WSSR/ndf   : 0.000152525

BREAK:          Singular matrix in Invert_RtR



*******************************************************************************
Fri Jan 30 19:50:48 2015


FIT:    data read from file using ($1+1):2
        format = x:z
        x range restricted to [1.00000 : 1000.00]
        #datapoints = 100
        residuals are weighted equally (unit weight)

function used for fitting: linearfit(x)
fitted parameters initialized with current variable values



 Iteration 0
 WSSR        : 0.0149797         delta(WSSR)/WSSR   : 0
 delta(WSSR) : 0                 limit for stopping : 1e-005
 lambda	  : 41.1309

initial set of free parameter values

m               = 1e-030
k               = 0.00977463

After 2 iterations the fit converged.
final sum of squares of residuals : 0.0149474
rel. change during last iteration : -5.34245e-008

degrees of freedom    (FIT_NDF)                        : 98
rms of residuals      (FIT_STDFIT) = sqrt(WSSR/ndf)    : 0.0123501
variance of residuals (reduced chisquare) = WSSR/ndf   : 0.000152525

BREAK:          Singular matrix in Invert_RtR



*******************************************************************************
Fri Jan 30 19:51:36 2015


FIT:    data read from file using ($1+1):2
        format = x:z
        x range restricted to [1.00000 : 1000.00]
        #datapoints = 100
        residuals are weighted equally (unit weight)

function used for fitting: linearfit(x)
fitted parameters initialized with current variable values



 Iteration 0
 WSSR        : 0.0149797         delta(WSSR)/WSSR   : 0
 delta(WSSR) : 0                 limit for stopping : 1e-005
 lambda	  : 58.1679

initial set of free parameter values

k               = 0.00977463

After 2 iterations the fit converged.
final sum of squares of residuals : 0.0149474
rel. change during last iteration : -2.11588e-007

degrees of freedom    (FIT_NDF)                        : 99
rms of residuals      (FIT_STDFIT) = sqrt(WSSR/ndf)    : 0.0122876
variance of residuals (reduced chisquare) = WSSR/ndf   : 0.000150984

Final set of parameters            Asymptotic Standard Error
=======================            ==========================

k               = 0.00976486       +/- 2.112e-005   (0.2163%)


correlation matrix of the fit parameters:

               k      
k               1.000 


*******************************************************************************
Fri Jan 30 19:51:37 2015


FIT:    data read from file using ($1+1):2
        format = x:z
        x range restricted to [1.00000 : 1000.00]
        #datapoints = 100
        residuals are weighted equally (unit weight)

function used for fitting: polyfit(x)
fitted parameters initialized with current variable values



 Iteration 0
 WSSR        : 0.00288895        delta(WSSR)/WSSR   : 0
 delta(WSSR) : 0                 limit for stopping : 1e-005
 lambda	  : 2614.49

initial set of free parameter values

a               = 0.00582412
b               = 0.00881293
c               = 1.14764e-005

The maximum lambda = 1.000000e+020 was exceeded. Fit stopped.
final sum of squares of residuals : 0.00288895
rel. change during last iteration : 0

degrees of freedom    (FIT_NDF)                        : 97
rms of residuals      (FIT_STDFIT) = sqrt(WSSR/ndf)    : 0.00545738
variance of residuals (reduced chisquare) = WSSR/ndf   : 2.9783e-005

Final set of parameters            Asymptotic Standard Error
=======================            ==========================

a               = 0.00582412       +/- 0.001671     (28.68%)
b               = 0.00881293       +/- 7.635e-005   (0.8663%)
c               = 1.14764e-005     +/- 7.324e-007   (6.382%)


correlation matrix of the fit parameters:

               a      b      c      
a               1.000 
b              -0.871  1.000 
c               0.753 -0.969  1.000 


*******************************************************************************
Fri Jan 30 19:52:13 2015


FIT:    data read from file using ($1+1):2
        format = x:z
        x range restricted to [1.00000 : 1000.00]
        #datapoints = 100
        residuals are weighted equally (unit weight)

function used for fitting: linearfit(x)
fitted parameters initialized with current variable values



 Iteration 0
 WSSR        : 0.0149474         delta(WSSR)/WSSR   : 0
 delta(WSSR) : 0                 limit for stopping : 1e-005
 lambda	  : 41.1309

initial set of free parameter values

k               = 0.00976486
m               = 1e-030

After 1 iterations the fit converged.
final sum of squares of residuals : 0.0149474
rel. change during last iteration : -2.20505e-015

degrees of freedom    (FIT_NDF)                        : 98
rms of residuals      (FIT_STDFIT) = sqrt(WSSR/ndf)    : 0.0123501
variance of residuals (reduced chisquare) = WSSR/ndf   : 0.000152525

BREAK:          Singular matrix in Invert_RtR



*******************************************************************************
Fri Jan 30 19:57:21 2015


FIT:    data read from file using ($1+1):2
        format = x:z
        x range restricted to [1.00000 : 1000.00]
        #datapoints = 100
        residuals are weighted equally (unit weight)

function used for fitting: linearfit(x)
fitted parameters initialized with current variable values



 Iteration 0
 WSSR        : 0.0149474         delta(WSSR)/WSSR   : 0
 delta(WSSR) : 0                 limit for stopping : 1e-005
 lambda	  : 58.1679

initial set of free parameter values

k               = 0.00976486

After 1 iterations the fit converged.
final sum of squares of residuals : 0.0149474
rel. change during last iteration : -5.80276e-016

degrees of freedom    (FIT_NDF)                        : 99
rms of residuals      (FIT_STDFIT) = sqrt(WSSR/ndf)    : 0.0122876
variance of residuals (reduced chisquare) = WSSR/ndf   : 0.000150984

Final set of parameters            Asymptotic Standard Error
=======================            ==========================

k               = 0.00976486       +/- 2.112e-005   (0.2163%)


correlation matrix of the fit parameters:

               k      
k               1.000 


*******************************************************************************
Fri Jan 30 19:57:22 2015


FIT:    data read from file using ($1+1):2
        format = x:z
        x range restricted to [1.00000 : 1000.00]
        #datapoints = 100
        residuals are weighted equally (unit weight)

function used for fitting: polyfit(x)
fitted parameters initialized with current variable values



 Iteration 0
 WSSR        : 0.00288895        delta(WSSR)/WSSR   : 0
 delta(WSSR) : 0                 limit for stopping : 1e-005
 lambda	  : 2614.49

initial set of free parameter values

a               = 0.00582412
b               = 0.00881293
c               = 1.14764e-005

The maximum lambda = 1.000000e+020 was exceeded. Fit stopped.
final sum of squares of residuals : 0.00288895
rel. change during last iteration : 0

degrees of freedom    (FIT_NDF)                        : 97
rms of residuals      (FIT_STDFIT) = sqrt(WSSR/ndf)    : 0.00545738
variance of residuals (reduced chisquare) = WSSR/ndf   : 2.9783e-005

Final set of parameters            Asymptotic Standard Error
=======================            ==========================

a               = 0.00582412       +/- 0.001671     (28.68%)
b               = 0.00881293       +/- 7.635e-005   (0.8663%)
c               = 1.14764e-005     +/- 7.324e-007   (6.382%)


correlation matrix of the fit parameters:

               a      b      c      
a               1.000 
b              -0.871  1.000 
c               0.753 -0.969  1.000 


*******************************************************************************
Fri Jan 30 20:09:07 2015


FIT:    data read from file using ($1+1):2
        format = x:z
        x range restricted to [1.00000 : 1000.00]
        #datapoints = 100
        residuals are weighted equally (unit weight)

function used for fitting: linearfit(x)
fitted parameters initialized with current variable values



 Iteration 0
 WSSR        : 0.0149474         delta(WSSR)/WSSR   : 0
 delta(WSSR) : 0                 limit for stopping : 1e-005
 lambda	  : 58.1679

initial set of free parameter values

k               = 0.00976486

The maximum lambda = 1.000000e+020 was exceeded. Fit stopped.
final sum of squares of residuals : 0.0149474
rel. change during last iteration : 0

degrees of freedom    (FIT_NDF)                        : 99
rms of residuals      (FIT_STDFIT) = sqrt(WSSR/ndf)    : 0.0122876
variance of residuals (reduced chisquare) = WSSR/ndf   : 0.000150984

Final set of parameters            Asymptotic Standard Error
=======================            ==========================

k               = 0.00976486       +/- 2.112e-005   (0.2163%)


correlation matrix of the fit parameters:

               k      
k               1.000 


*******************************************************************************
Fri Jan 30 20:09:07 2015


FIT:    data read from file using ($1+1):2
        format = x:z
        x range restricted to [1.00000 : 1000.00]
        #datapoints = 100
        residuals are weighted equally (unit weight)

function used for fitting: polyfit(x)
fitted parameters initialized with current variable values



 Iteration 0
 WSSR        : 0.00288895        delta(WSSR)/WSSR   : 0
 delta(WSSR) : 0                 limit for stopping : 1e-005
 lambda	  : 2614.49

initial set of free parameter values

a               = 0.00582412
b               = 0.00881293
c               = 1.14764e-005

The maximum lambda = 1.000000e+020 was exceeded. Fit stopped.
final sum of squares of residuals : 0.00288895
rel. change during last iteration : 0

degrees of freedom    (FIT_NDF)                        : 97
rms of residuals      (FIT_STDFIT) = sqrt(WSSR/ndf)    : 0.00545738
variance of residuals (reduced chisquare) = WSSR/ndf   : 2.9783e-005

Final set of parameters            Asymptotic Standard Error
=======================            ==========================

a               = 0.00582412       +/- 0.001671     (28.68%)
b               = 0.00881293       +/- 7.635e-005   (0.8663%)
c               = 1.14764e-005     +/- 7.324e-007   (6.382%)


correlation matrix of the fit parameters:

               a      b      c      
a               1.000 
b              -0.871  1.000 
c               0.753 -0.969  1.000 


*******************************************************************************
Fri Jan 30 20:09:19 2015


FIT:    data read from file using ($1+1):2
        format = x:z
        x range restricted to [1.00000 : 1000.00]
        #datapoints = 100
        residuals are weighted equally (unit weight)

function used for fitting: linearfit(x)
fitted parameters initialized with current variable values



 Iteration 0
 WSSR        : 0.0149474         delta(WSSR)/WSSR   : 0
 delta(WSSR) : 0                 limit for stopping : 1e-005
 lambda	  : 58.1679

initial set of free parameter values

k               = 0.00976486

The maximum lambda = 1.000000e+020 was exceeded. Fit stopped.
final sum of squares of residuals : 0.0149474
rel. change during last iteration : 0

degrees of freedom    (FIT_NDF)                        : 99
rms of residuals      (FIT_STDFIT) = sqrt(WSSR/ndf)    : 0.0122876
variance of residuals (reduced chisquare) = WSSR/ndf   : 0.000150984

Final set of parameters            Asymptotic Standard Error
=======================            ==========================

k               = 0.00976486       +/- 2.112e-005   (0.2163%)


correlation matrix of the fit parameters:

               k      
k               1.000 


*******************************************************************************
Fri Jan 30 20:09:19 2015


FIT:    data read from file using ($1+1):2
        format = x:z
        x range restricted to [1.00000 : 1000.00]
        #datapoints = 100
        residuals are weighted equally (unit weight)

function used for fitting: polyfit(x)
fitted parameters initialized with current variable values



 Iteration 0
 WSSR        : 0.00288895        delta(WSSR)/WSSR   : 0
 delta(WSSR) : 0                 limit for stopping : 1e-005
 lambda	  : 2614.49

initial set of free parameter values

a               = 0.00582412
b               = 0.00881293
c               = 1.14764e-005

The maximum lambda = 1.000000e+020 was exceeded. Fit stopped.
final sum of squares of residuals : 0.00288895
rel. change during last iteration : 0

degrees of freedom    (FIT_NDF)                        : 97
rms of residuals      (FIT_STDFIT) = sqrt(WSSR/ndf)    : 0.00545738
variance of residuals (reduced chisquare) = WSSR/ndf   : 2.9783e-005

Final set of parameters            Asymptotic Standard Error
=======================            ==========================

a               = 0.00582412       +/- 0.001671     (28.68%)
b               = 0.00881293       +/- 7.635e-005   (0.8663%)
c               = 1.14764e-005     +/- 7.324e-007   (6.382%)


correlation matrix of the fit parameters:

               a      b      c      
a               1.000 
b              -0.871  1.000 
c               0.753 -0.969  1.000 


*******************************************************************************
Fri Jan 30 20:09:29 2015


FIT:    data read from file using ($1+1):2
        format = x:z
        x range restricted to [1.00000 : 1000.00]
        #datapoints = 100
        residuals are weighted equally (unit weight)

function used for fitting: linearfit(x)
fitted parameters initialized with current variable values



 Iteration 0
 WSSR        : 0.0149474         delta(WSSR)/WSSR   : 0
 delta(WSSR) : 0                 limit for stopping : 1e-005
 lambda	  : 58.1679

initial set of free parameter values

k               = 0.00976486

The maximum lambda = 1.000000e+020 was exceeded. Fit stopped.
final sum of squares of residuals : 0.0149474
rel. change during last iteration : 0

degrees of freedom    (FIT_NDF)                        : 99
rms of residuals      (FIT_STDFIT) = sqrt(WSSR/ndf)    : 0.0122876
variance of residuals (reduced chisquare) = WSSR/ndf   : 0.000150984

Final set of parameters            Asymptotic Standard Error
=======================            ==========================

k               = 0.00976486       +/- 2.112e-005   (0.2163%)


correlation matrix of the fit parameters:

               k      
k               1.000 


*******************************************************************************
Fri Jan 30 20:09:29 2015


FIT:    data read from file using ($1+1):2
        format = x:z
        x range restricted to [1.00000 : 1000.00]
        #datapoints = 100
        residuals are weighted equally (unit weight)

function used for fitting: polyfit(x)
fitted parameters initialized with current variable values



 Iteration 0
 WSSR        : 0.00288895        delta(WSSR)/WSSR   : 0
 delta(WSSR) : 0                 limit for stopping : 1e-005
 lambda	  : 2614.49

initial set of free parameter values

a               = 0.00582412
b               = 0.00881293
c               = 1.14764e-005

The maximum lambda = 1.000000e+020 was exceeded. Fit stopped.
final sum of squares of residuals : 0.00288895
rel. change during last iteration : 0

degrees of freedom    (FIT_NDF)                        : 97
rms of residuals      (FIT_STDFIT) = sqrt(WSSR/ndf)    : 0.00545738
variance of residuals (reduced chisquare) = WSSR/ndf   : 2.9783e-005

Final set of parameters            Asymptotic Standard Error
=======================            ==========================

a               = 0.00582412       +/- 0.001671     (28.68%)
b               = 0.00881293       +/- 7.635e-005   (0.8663%)
c               = 1.14764e-005     +/- 7.324e-007   (6.382%)


correlation matrix of the fit parameters:

               a      b      c      
a               1.000 
b              -0.871  1.000 
c               0.753 -0.969  1.000 


*******************************************************************************
Fri Jan 30 20:11:55 2015


FIT:    data read from file using ($1+1):2
        format = x:z
        x range restricted to [1.00000 : 1000.00]
        #datapoints = 100
        residuals are weighted equally (unit weight)

function used for fitting: linearfit(x)
fitted parameters initialized with current variable values



 Iteration 0
 WSSR        : 0.0149474         delta(WSSR)/WSSR   : 0
 delta(WSSR) : 0                 limit for stopping : 1e-005
 lambda	  : 58.1679

initial set of free parameter values

k               = 0.00976486

The maximum lambda = 1.000000e+020 was exceeded. Fit stopped.
final sum of squares of residuals : 0.0149474
rel. change during last iteration : 0

degrees of freedom    (FIT_NDF)                        : 99
rms of residuals      (FIT_STDFIT) = sqrt(WSSR/ndf)    : 0.0122876
variance of residuals (reduced chisquare) = WSSR/ndf   : 0.000150984

Final set of parameters            Asymptotic Standard Error
=======================            ==========================

k               = 0.00976486       +/- 2.112e-005   (0.2163%)


correlation matrix of the fit parameters:

               k      
k               1.000 


*******************************************************************************
Fri Jan 30 20:11:55 2015


FIT:    data read from file using ($1+1):2
        format = x:z
        x range restricted to [1.00000 : 1000.00]
        #datapoints = 100
        residuals are weighted equally (unit weight)

function used for fitting: polyfit(x)
fitted parameters initialized with current variable values



 Iteration 0
 WSSR        : 0.00288895        delta(WSSR)/WSSR   : 0
 delta(WSSR) : 0                 limit for stopping : 1e-005
 lambda	  : 2614.49

initial set of free parameter values

a               = 0.00582412
b               = 0.00881293
c               = 1.14764e-005

The maximum lambda = 1.000000e+020 was exceeded. Fit stopped.
final sum of squares of residuals : 0.00288895
rel. change during last iteration : 0

degrees of freedom    (FIT_NDF)                        : 97
rms of residuals      (FIT_STDFIT) = sqrt(WSSR/ndf)    : 0.00545738
variance of residuals (reduced chisquare) = WSSR/ndf   : 2.9783e-005

Final set of parameters            Asymptotic Standard Error
=======================            ==========================

a               = 0.00582412       +/- 0.001671     (28.68%)
b               = 0.00881293       +/- 7.635e-005   (0.8663%)
c               = 1.14764e-005     +/- 7.324e-007   (6.382%)


correlation matrix of the fit parameters:

               a      b      c      
a               1.000 
b              -0.871  1.000 
c               0.753 -0.969  1.000 


*******************************************************************************
Fri Jan 30 20:13:28 2015


FIT:    data read from file using ($1+1):2
        format = x:z
        x range restricted to [1.00000 : 1000.00]
        #datapoints = 100
        residuals are weighted equally (unit weight)

function used for fitting: linearfit(x)
fitted parameters initialized with current variable values



 Iteration 0
 WSSR        : 0.0149474         delta(WSSR)/WSSR   : 0
 delta(WSSR) : 0                 limit for stopping : 1e-005
 lambda	  : 58.1679

initial set of free parameter values

k               = 0.00976486

The maximum lambda = 1.000000e+020 was exceeded. Fit stopped.
final sum of squares of residuals : 0.0149474
rel. change during last iteration : 0

degrees of freedom    (FIT_NDF)                        : 99
rms of residuals      (FIT_STDFIT) = sqrt(WSSR/ndf)    : 0.0122876
variance of residuals (reduced chisquare) = WSSR/ndf   : 0.000150984

Final set of parameters            Asymptotic Standard Error
=======================            ==========================

k               = 0.00976486       +/- 2.112e-005   (0.2163%)


correlation matrix of the fit parameters:

               k      
k               1.000 


*******************************************************************************
Fri Jan 30 20:13:28 2015


FIT:    data read from file using ($1+1):2
        format = x:z
        x range restricted to [1.00000 : 1000.00]
        #datapoints = 100
        residuals are weighted equally (unit weight)

function used for fitting: polyfit(x)
fitted parameters initialized with current variable values



 Iteration 0
 WSSR        : 0.00288895        delta(WSSR)/WSSR   : 0
 delta(WSSR) : 0                 limit for stopping : 1e-005
 lambda	  : 2614.49

initial set of free parameter values

a               = 0.00582412
b               = 0.00881293
c               = 1.14764e-005

The maximum lambda = 1.000000e+020 was exceeded. Fit stopped.
final sum of squares of residuals : 0.00288895
rel. change during last iteration : 0

degrees of freedom    (FIT_NDF)                        : 97
rms of residuals      (FIT_STDFIT) = sqrt(WSSR/ndf)    : 0.00545738
variance of residuals (reduced chisquare) = WSSR/ndf   : 2.9783e-005

Final set of parameters            Asymptotic Standard Error
=======================            ==========================

a               = 0.00582412       +/- 0.001671     (28.68%)
b               = 0.00881293       +/- 7.635e-005   (0.8663%)
c               = 1.14764e-005     +/- 7.324e-007   (6.382%)


correlation matrix of the fit parameters:

               a      b      c      
a               1.000 
b              -0.871  1.000 
c               0.753 -0.969  1.000 


*******************************************************************************
Fri Jan 30 20:15:35 2015


FIT:    data read from file using ($1+1):2
        format = x:z
        x range restricted to [1.00000 : 1000.00]
        #datapoints = 100
        residuals are weighted equally (unit weight)

function used for fitting: linearfit(x)
fitted parameters initialized with current variable values



 Iteration 0
 WSSR        : 0.0149474         delta(WSSR)/WSSR   : 0
 delta(WSSR) : 0                 limit for stopping : 1e-005
 lambda	  : 58.1679

initial set of free parameter values

k               = 0.00976486

The maximum lambda = 1.000000e+020 was exceeded. Fit stopped.
final sum of squares of residuals : 0.0149474
rel. change during last iteration : 0

degrees of freedom    (FIT_NDF)                        : 99
rms of residuals      (FIT_STDFIT) = sqrt(WSSR/ndf)    : 0.0122876
variance of residuals (reduced chisquare) = WSSR/ndf   : 0.000150984

Final set of parameters            Asymptotic Standard Error
=======================            ==========================

k               = 0.00976486       +/- 2.112e-005   (0.2163%)


correlation matrix of the fit parameters:

               k      
k               1.000 


*******************************************************************************
Fri Jan 30 20:15:35 2015


FIT:    data read from file using ($1+1):2
        format = x:z
        x range restricted to [1.00000 : 1000.00]
        #datapoints = 100
        residuals are weighted equally (unit weight)

function used for fitting: polyfit(x)
fitted parameters initialized with current variable values



 Iteration 0
 WSSR        : 0.00288895        delta(WSSR)/WSSR   : 0
 delta(WSSR) : 0                 limit for stopping : 1e-005
 lambda	  : 2614.49

initial set of free parameter values

a               = 0.00582412
b               = 0.00881293
c               = 1.14764e-005

The maximum lambda = 1.000000e+020 was exceeded. Fit stopped.
final sum of squares of residuals : 0.00288895
rel. change during last iteration : 0

degrees of freedom    (FIT_NDF)                        : 97
rms of residuals      (FIT_STDFIT) = sqrt(WSSR/ndf)    : 0.00545738
variance of residuals (reduced chisquare) = WSSR/ndf   : 2.9783e-005

Final set of parameters            Asymptotic Standard Error
=======================            ==========================

a               = 0.00582412       +/- 0.001671     (28.68%)
b               = 0.00881293       +/- 7.635e-005   (0.8663%)
c               = 1.14764e-005     +/- 7.324e-007   (6.382%)


correlation matrix of the fit parameters:

               a      b      c      
a               1.000 
b              -0.871  1.000 
c               0.753 -0.969  1.000 


*******************************************************************************
Fri Jan 30 20:16:11 2015


FIT:    data read from file using ($1+1):2
        format = x:z
        x range restricted to [1.00000 : 1000.00]
        #datapoints = 100
        residuals are weighted equally (unit weight)

function used for fitting: linearfit(x)
fitted parameters initialized with current variable values



 Iteration 0
 WSSR        : 0.0149474         delta(WSSR)/WSSR   : 0
 delta(WSSR) : 0                 limit for stopping : 1e-005
 lambda	  : 58.1679

initial set of free parameter values

k               = 0.00976486

The maximum lambda = 1.000000e+020 was exceeded. Fit stopped.
final sum of squares of residuals : 0.0149474
rel. change during last iteration : 0

degrees of freedom    (FIT_NDF)                        : 99
rms of residuals      (FIT_STDFIT) = sqrt(WSSR/ndf)    : 0.0122876
variance of residuals (reduced chisquare) = WSSR/ndf   : 0.000150984

Final set of parameters            Asymptotic Standard Error
=======================            ==========================

k               = 0.00976486       +/- 2.112e-005   (0.2163%)


correlation matrix of the fit parameters:

               k      
k               1.000 


*******************************************************************************
Fri Jan 30 20:16:12 2015


FIT:    data read from file using ($1+1):2
        format = x:z
        x range restricted to [1.00000 : 1000.00]
        #datapoints = 100
        residuals are weighted equally (unit weight)

function used for fitting: polyfit(x)
fitted parameters initialized with current variable values



 Iteration 0
 WSSR        : 0.00288895        delta(WSSR)/WSSR   : 0
 delta(WSSR) : 0                 limit for stopping : 1e-005
 lambda	  : 2614.49

initial set of free parameter values

a               = 0.00582412
b               = 0.00881293
c               = 1.14764e-005

The maximum lambda = 1.000000e+020 was exceeded. Fit stopped.
final sum of squares of residuals : 0.00288895
rel. change during last iteration : 0

degrees of freedom    (FIT_NDF)                        : 97
rms of residuals      (FIT_STDFIT) = sqrt(WSSR/ndf)    : 0.00545738
variance of residuals (reduced chisquare) = WSSR/ndf   : 2.9783e-005

Final set of parameters            Asymptotic Standard Error
=======================            ==========================

a               = 0.00582412       +/- 0.001671     (28.68%)
b               = 0.00881293       +/- 7.635e-005   (0.8663%)
c               = 1.14764e-005     +/- 7.324e-007   (6.382%)


correlation matrix of the fit parameters:

               a      b      c      
a               1.000 
b              -0.871  1.000 
c               0.753 -0.969  1.000 


*******************************************************************************
Fri Jan 30 20:16:50 2015


FIT:    data read from file using ($1+1):2
        format = x:z
        x range restricted to [1.00000 : 1000.00]
        #datapoints = 100
        residuals are weighted equally (unit weight)

function used for fitting: linearfit(x)
fitted parameters initialized with current variable values



 Iteration 0
 WSSR        : 0.0149474         delta(WSSR)/WSSR   : 0
 delta(WSSR) : 0                 limit for stopping : 1e-005
 lambda	  : 58.1679

initial set of free parameter values

k               = 0.00976486

The maximum lambda = 1.000000e+020 was exceeded. Fit stopped.
final sum of squares of residuals : 0.0149474
rel. change during last iteration : 0

degrees of freedom    (FIT_NDF)                        : 99
rms of residuals      (FIT_STDFIT) = sqrt(WSSR/ndf)    : 0.0122876
variance of residuals (reduced chisquare) = WSSR/ndf   : 0.000150984

Final set of parameters            Asymptotic Standard Error
=======================            ==========================

k               = 0.00976486       +/- 2.112e-005   (0.2163%)


correlation matrix of the fit parameters:

               k      
k               1.000 


*******************************************************************************
Fri Jan 30 20:16:51 2015


FIT:    data read from file using ($1+1):2
        format = x:z
        x range restricted to [1.00000 : 1000.00]
        #datapoints = 100
        residuals are weighted equally (unit weight)

function used for fitting: polyfit(x)
fitted parameters initialized with current variable values



 Iteration 0
 WSSR        : 0.00288895        delta(WSSR)/WSSR   : 0
 delta(WSSR) : 0                 limit for stopping : 1e-005
 lambda	  : 2614.49

initial set of free parameter values

a               = 0.00582412
b               = 0.00881293
c               = 1.14764e-005

The maximum lambda = 1.000000e+020 was exceeded. Fit stopped.
final sum of squares of residuals : 0.00288895
rel. change during last iteration : 0

degrees of freedom    (FIT_NDF)                        : 97
rms of residuals      (FIT_STDFIT) = sqrt(WSSR/ndf)    : 0.00545738
variance of residuals (reduced chisquare) = WSSR/ndf   : 2.9783e-005

Final set of parameters            Asymptotic Standard Error
=======================            ==========================

a               = 0.00582412       +/- 0.001671     (28.68%)
b               = 0.00881293       +/- 7.635e-005   (0.8663%)
c               = 1.14764e-005     +/- 7.324e-007   (6.382%)


correlation matrix of the fit parameters:

               a      b      c      
a               1.000 
b              -0.871  1.000 
c               0.753 -0.969  1.000 
